/!\ FAILSAFE /!\  Wed Feb 25 23:31:03 -0500 2009
  Status: 500 Internal Server Error
  no such file to load -- sqlite3
    /usr/local/lib/site_ruby/1.8/rubygems/custom_require.rb:31:in `gem_original_require'
    /usr/local/lib/site_ruby/1.8/rubygems/custom_require.rb:31:in `require'
    /sites/drone.honeyclient.org/vendor/rails/activesupport/lib/active_support/dependencies.rb:156:in `require'
    /sites/drone.honeyclient.org/vendor/rails/activesupport/lib/active_support/dependencies.rb:521:in `new_constants_in'
    /sites/drone.honeyclient.org/vendor/rails/activesupport/lib/active_support/dependencies.rb:156:in `require'
    /sites/drone.honeyclient.org/vendor/rails/activesupport/lib/active_support/core_ext/kernel/requires.rb:7:in `require_library_or_gem'
    /sites/drone.honeyclient.org/vendor/rails/activesupport/lib/active_support/core_ext/kernel/reporting.rb:11:in `silence_warnings'
    /sites/drone.honeyclient.org/vendor/rails/activesupport/lib/active_support/core_ext/kernel/requires.rb:5:in `require_library_or_gem'
    /sites/drone.honeyclient.org/vendor/rails/activerecord/lib/active_record/connection_adapters/sqlite3_adapter.rb:10:in `sqlite3_connection'
    /sites/drone.honeyclient.org/vendor/rails/activerecord/lib/active_record/connection_adapters/abstract/connection_pool.rb:223:in `send'
    /sites/drone.honeyclient.org/vendor/rails/activerecord/lib/active_record/connection_adapters/abstract/connection_pool.rb:223:in `new_connection'
    /sites/drone.honeyclient.org/vendor/rails/activerecord/lib/active_record/connection_adapters/abstract/connection_pool.rb:245:in `checkout_new_connection'
    /sites/drone.honeyclient.org/vendor/rails/activerecord/lib/active_record/connection_adapters/abstract/connection_pool.rb:188:in `checkout'
    /sites/drone.honeyclient.org/vendor/rails/activerecord/lib/active_record/connection_adapters/abstract/connection_pool.rb:184:in `loop'
    /sites/drone.honeyclient.org/vendor/rails/activerecord/lib/active_record/connection_adapters/abstract/connection_pool.rb:184:in `checkout'
    /usr/lib/ruby/1.8/monitor.rb:242:in `synchronize'
    /sites/drone.honeyclient.org/vendor/rails/activerecord/lib/active_record/connection_adapters/abstract/connection_pool.rb:183:in `checkout'
    /sites/drone.honeyclient.org/vendor/rails/activerecord/lib/active_record/connection_adapters/abstract/connection_pool.rb:98:in `connection'
    /sites/drone.honeyclient.org/vendor/rails/activerecord/lib/active_record/connection_adapters/abstract/connection_pool.rb:326:in `retrieve_connection'
    /sites/drone.honeyclient.org/vendor/rails/activerecord/lib/active_record/connection_adapters/abstract/connection_specification.rb:123:in `retrieve_connection'
    /sites/drone.honeyclient.org/vendor/rails/activerecord/lib/active_record/connection_adapters/abstract/connection_specification.rb:115:in `connection'
    /sites/drone.honeyclient.org/vendor/rails/activerecord/lib/active_record/query_cache.rb:9:in `cache'
    /sites/drone.honeyclient.org/vendor/rails/activerecord/lib/active_record/query_cache.rb:28:in `call'
    /usr/lib/ruby/gems/1.8/gems/rack-0.9.1/lib/rack/head.rb:9:in `call'
    /usr/lib/ruby/gems/1.8/gems/rack-0.9.1/lib/rack/methodoverride.rb:24:in `call'
    /sites/drone.honeyclient.org/vendor/rails/actionpack/lib/action_controller/params_parser.rb:15:in `call'
    /sites/drone.honeyclient.org/vendor/rails/actionpack/lib/action_controller/rewindable_input.rb:25:in `call'
    /sites/drone.honeyclient.org/vendor/rails/actionpack/lib/action_controller/session/cookie_store.rb:93:in `call'
    /sites/drone.honeyclient.org/vendor/rails/actionpack/lib/action_controller/failsafe.rb:11:in `call'
    /sites/drone.honeyclient.org/vendor/rails/actionpack/lib/action_controller/rack_ext/lock.rb:15:in `call'
    /sites/drone.honeyclient.org/vendor/rails/actionpack/lib/action_controller/rack_ext/lock.rb:15:in `synchronize'
    /sites/drone.honeyclient.org/vendor/rails/actionpack/lib/action_controller/rack_ext/lock.rb:15:in `call'
    /sites/drone.honeyclient.org/vendor/rails/actionpack/lib/action_controller/dispatcher.rb:83:in `call'
    /sites/drone.honeyclient.org/vendor/rails/railties/lib/rails/rack/static.rb:27:in `call'
    /sites/drone.honeyclient.org/vendor/rails/railties/lib/rails/rack/log_tailer.rb:17:in `call'
    /usr/lib/ruby/gems/1.8/gems/rack-0.9.1/lib/rack/handler/mongrel.rb:59:in `process'
    /usr/lib/ruby/1.8/mongrel.rb:159:in `process_client'
    /usr/lib/ruby/1.8/mongrel.rb:158:in `each'
    /usr/lib/ruby/1.8/mongrel.rb:158:in `process_client'
    /usr/lib/ruby/1.8/mongrel.rb:285:in `run'
    /usr/lib/ruby/1.8/mongrel.rb:285:in `initialize'
    /usr/lib/ruby/1.8/mongrel.rb:285:in `new'
    /usr/lib/ruby/1.8/mongrel.rb:285:in `run'
    /usr/lib/ruby/1.8/mongrel.rb:268:in `initialize'
    /usr/lib/ruby/1.8/mongrel.rb:268:in `new'
    /usr/lib/ruby/1.8/mongrel.rb:268:in `run'
    /usr/lib/ruby/gems/1.8/gems/rack-0.9.1/lib/rack/handler/mongrel.rb:32:in `run'
    /sites/drone.honeyclient.org/vendor/rails/railties/lib/commands/server.rb:100
    /usr/local/lib/site_ruby/1.8/rubygems/custom_require.rb:31:in `gem_original_require'
    /usr/local/lib/site_ruby/1.8/rubygems/custom_require.rb:31:in `require'
    script/server:3


Processing Rails::InfoController#properties (for 172.16.164.1 at 2009-02-25 23:32:49) [GET]
  [4;36;1mSQL (22.9ms)[0m   [0;1m SELECT name
 FROM sqlite_master
 WHERE type = 'table' AND NOT name = 'sqlite_sequence'
[0m
Completed in 99ms (View: 6, DB: 23) | 200 OK [http://127.0.0.204/rails/info/properties]
